<?xml version="1.0" encoding="UTF-8"?>
<testsuite name="board.domain.web.IndexControllerTest" tests="1" skipped="0" failures="0" errors="0" timestamp="2021-07-24T16:32:44" hostname="isiheon-ui-MacBookAir.local" time="0.28">
  <properties/>
  <testcase name="메인페이지_로딩" classname="board.domain.web.IndexControllerTest" time="0.28"/>
  <system-out><![CDATA[2021-07-25 01:32:42.251  INFO 58645 --- [    Test worker] .b.t.c.SpringBootTestContextBootstrapper : Neither @ContextConfiguration nor @ContextHierarchy found for test class [board.domain.web.IndexControllerTest], using SpringBootContextLoader
2021-07-25 01:32:42.257  INFO 58645 --- [    Test worker] o.s.t.c.support.AbstractContextLoader    : Could not detect default resource locations for test class [board.domain.web.IndexControllerTest]: no resource found for suffixes {-context.xml, Context.groovy}.
2021-07-25 01:32:42.258  INFO 58645 --- [    Test worker] t.c.s.AnnotationConfigContextLoaderUtils : Could not detect default configuration classes for test class [board.domain.web.IndexControllerTest]: IndexControllerTest does not declare any static, non-private, non-final, nested classes annotated with @Configuration.
2021-07-25 01:32:42.298  INFO 58645 --- [    Test worker] .b.t.c.SpringBootTestContextBootstrapper : Found @SpringBootConfiguration board.Application for test class board.domain.web.IndexControllerTest
2021-07-25 01:32:42.303  INFO 58645 --- [    Test worker] .b.t.c.SpringBootTestContextBootstrapper : Loaded default TestExecutionListener class names from location [META-INF/spring.factories]: [org.springframework.security.test.context.support.WithSecurityContextTestExecutionListener, org.springframework.security.test.context.support.ReactorContextTestExecutionListener, org.springframework.boot.test.autoconfigure.restdocs.RestDocsTestExecutionListener, org.springframework.boot.test.autoconfigure.web.client.MockRestServiceServerResetTestExecutionListener, org.springframework.boot.test.autoconfigure.web.servlet.MockMvcPrintOnlyOnFailureTestExecutionListener, org.springframework.boot.test.autoconfigure.web.servlet.WebDriverTestExecutionListener, org.springframework.boot.test.mock.mockito.MockitoTestExecutionListener, org.springframework.boot.test.mock.mockito.ResetMocksTestExecutionListener, org.springframework.test.context.web.ServletTestExecutionListener, org.springframework.test.context.support.DirtiesContextBeforeModesTestExecutionListener, org.springframework.test.context.support.DependencyInjectionTestExecutionListener, org.springframework.test.context.support.DirtiesContextTestExecutionListener, org.springframework.test.context.transaction.TransactionalTestExecutionListener, org.springframework.test.context.jdbc.SqlScriptsTestExecutionListener]
2021-07-25 01:32:42.305  INFO 58645 --- [    Test worker] .b.t.c.SpringBootTestContextBootstrapper : Using TestExecutionListeners: [org.springframework.test.context.web.ServletTestExecutionListener@1aa359df, org.springframework.test.context.support.DirtiesContextBeforeModesTestExecutionListener@3737c8d9, org.springframework.boot.test.mock.mockito.MockitoTestExecutionListener@1d85f3e, org.springframework.boot.test.autoconfigure.SpringBootDependencyInjectionTestExecutionListener@39e1cca0, org.springframework.test.context.support.DirtiesContextTestExecutionListener@398c07e2, org.springframework.test.context.transaction.TransactionalTestExecutionListener@30f4710a, org.springframework.test.context.jdbc.SqlScriptsTestExecutionListener@7316f985, org.springframework.security.test.context.support.WithSecurityContextTestExecutionListener@44a5af8b, org.springframework.security.test.context.support.ReactorContextTestExecutionListener@1d4f13ea, org.springframework.boot.test.autoconfigure.restdocs.RestDocsTestExecutionListener@ea05d68, org.springframework.boot.test.autoconfigure.web.client.MockRestServiceServerResetTestExecutionListener@4a3e57e8, org.springframework.boot.test.autoconfigure.web.servlet.MockMvcPrintOnlyOnFailureTestExecutionListener@230e70d3, org.springframework.boot.test.autoconfigure.web.servlet.WebDriverTestExecutionListener@463bf71b, org.springframework.boot.test.mock.mockito.ResetMocksTestExecutionListener@4a7ca9a9]

  .   ____          _            __ _ _
 /\\ / ___'_ __ _ _(_)_ __  __ _ \ \ \ \
( ( )\___ | '_ | '_| | '_ \/ _` | \ \ \ \
 \\/  ___)| |_)| | | | | || (_| |  ) ) ) )
  '  |____| .__|_| |_|_| |_\__, | / / / /
 =========|_|==============|___/=/_/_/_/
 :: Spring Boot ::        (v2.1.7.RELEASE)

2021-07-25 01:32:42.372  INFO 58645 --- [    Test worker] board.domain.web.IndexControllerTest     : Starting IndexControllerTest on isiheon-ui-MacBookAir.local with PID 58645 (started by isiheon in /Users/isiheon/MyWork/SpringBoot_Study)
2021-07-25 01:32:42.374  INFO 58645 --- [    Test worker] board.domain.web.IndexControllerTest     : No active profile set, falling back to default profiles: default
2021-07-25 01:32:42.764  INFO 58645 --- [    Test worker] .s.d.r.c.RepositoryConfigurationDelegate : Bootstrapping Spring Data repositories in DEFAULT mode.
2021-07-25 01:32:42.810  INFO 58645 --- [    Test worker] .s.d.r.c.RepositoryConfigurationDelegate : Finished Spring Data repository scanning in 45ms. Found 2 repository interfaces.
2021-07-25 01:32:42.978  INFO 58645 --- [    Test worker] trationDelegate$BeanPostProcessorChecker : Bean 'org.springframework.transaction.annotation.ProxyTransactionManagementConfiguration' of type [org.springframework.transaction.annotation.ProxyTransactionManagementConfiguration$$EnhancerBySpringCGLIB$$8e25a571] is not eligible for getting processed by all BeanPostProcessors (for example: not eligible for auto-proxying)
2021-07-25 01:32:43.245  INFO 58645 --- [    Test worker] o.s.b.w.embedded.tomcat.TomcatWebServer  : Tomcat initialized with port(s): 0 (http)
2021-07-25 01:32:43.292  INFO 58645 --- [    Test worker] o.apache.catalina.core.StandardService   : Starting service [Tomcat]
2021-07-25 01:32:43.292  INFO 58645 --- [    Test worker] org.apache.catalina.core.StandardEngine  : Starting Servlet engine: [Apache Tomcat/9.0.22]
2021-07-25 01:32:43.440  INFO 58645 --- [    Test worker] o.a.c.c.C.[Tomcat].[localhost].[/]       : Initializing Spring embedded WebApplicationContext
2021-07-25 01:32:43.441  INFO 58645 --- [    Test worker] o.s.web.context.ContextLoader            : Root WebApplicationContext: initialization completed in 1056 ms
2021-07-25 01:32:43.633  INFO 58645 --- [    Test worker] com.zaxxer.hikari.HikariDataSource       : HikariPool-2 - Starting...
2021-07-25 01:32:43.639  INFO 58645 --- [    Test worker] com.zaxxer.hikari.HikariDataSource       : HikariPool-2 - Start completed.
2021-07-25 01:32:43.662  INFO 58645 --- [    Test worker] o.hibernate.jpa.internal.util.LogHelper  : HHH000204: Processing PersistenceUnitInfo [
	name: default
	...]
2021-07-25 01:32:43.670  INFO 58645 --- [    Test worker] org.hibernate.dialect.Dialect            : HHH000400: Using dialect: org.hibernate.dialect.MySQL5InnoDBDialect
Hibernate: drop table if exists posts
Hibernate: drop table if exists user
Hibernate: create table posts (id bigint not null auto_increment, created_date datetime, modified_date datetime, author varchar(255), content TEXT not null, title varchar(500) not null, primary key (id)) engine=InnoDB
Hibernate: create table user (id bigint not null auto_increment, created_date datetime, modified_date datetime, email varchar(255) not null, name varchar(255) not null, picture varchar(255), role varchar(255) not null, primary key (id)) engine=InnoDB
2021-07-25 01:32:43.745  INFO 58645 --- [    Test worker] o.h.t.schema.internal.SchemaCreatorImpl  : HHH000476: Executing import script 'org.hibernate.tool.schema.internal.exec.ScriptSourceInputNonExistentImpl@1dc5fc9f'
2021-07-25 01:32:43.745  INFO 58645 --- [    Test worker] j.LocalContainerEntityManagerFactoryBean : Initialized JPA EntityManagerFactory for persistence unit 'default'
2021-07-25 01:32:43.927  INFO 58645 --- [    Test worker] o.h.h.i.QueryTranslatorFactoryInitiator  : HHH000397: Using ASTQueryTranslatorFactory
2021-07-25 01:32:44.056  INFO 58645 --- [    Test worker] o.s.s.web.DefaultSecurityFilterChain     : Creating filter chain: any request, [org.springframework.security.web.context.request.async.WebAsyncManagerIntegrationFilter@58daf46a, org.springframework.security.web.context.SecurityContextPersistenceFilter@7b327b, org.springframework.security.web.header.HeaderWriterFilter@60ab1f5a, org.springframework.security.web.authentication.logout.LogoutFilter@541d19ce, org.springframework.security.oauth2.client.web.OAuth2AuthorizationRequestRedirectFilter@1c3e6308, org.springframework.security.oauth2.client.web.OAuth2LoginAuthenticationFilter@545e9fe9, org.springframework.security.web.authentication.ui.DefaultLoginPageGeneratingFilter@dac1aea, org.springframework.security.web.authentication.ui.DefaultLogoutPageGeneratingFilter@3db05ce, org.springframework.security.web.savedrequest.RequestCacheAwareFilter@70ef9362, org.springframework.security.web.servletapi.SecurityContextHolderAwareRequestFilter@488603ea, org.springframework.security.web.authentication.AnonymousAuthenticationFilter@6c12109e, org.springframework.security.web.session.SessionManagementFilter@6554076f, org.springframework.security.web.access.ExceptionTranslationFilter@260acdc3, org.springframework.security.web.access.intercept.FilterSecurityInterceptor@2d1ed89f]
2021-07-25 01:32:44.242  INFO 58645 --- [    Test worker] o.s.s.concurrent.ThreadPoolTaskExecutor  : Initializing ExecutorService 'applicationTaskExecutor'
2021-07-25 01:32:44.254  WARN 58645 --- [    Test worker] aWebConfiguration$JpaWebMvcConfiguration : spring.jpa.open-in-view is enabled by default. Therefore, database queries may be performed during view rendering. Explicitly configure spring.jpa.open-in-view to disable this warning
2021-07-25 01:32:44.285  INFO 58645 --- [    Test worker] o.s.b.a.w.s.WelcomePageHandlerMapping    : Adding welcome page template: index
2021-07-25 01:32:44.511  INFO 58645 --- [    Test worker] o.s.b.w.embedded.tomcat.TomcatWebServer  : Tomcat started on port(s): 51703 (http) with context path ''
2021-07-25 01:32:44.514  INFO 58645 --- [    Test worker] board.domain.web.IndexControllerTest     : Started IndexControllerTest in 2.204 seconds (JVM running for 11.566)
2021-07-25 01:32:44.622  INFO 58645 --- [o-auto-1-exec-1] o.a.c.c.C.[Tomcat].[localhost].[/]       : Initializing Spring DispatcherServlet 'dispatcherServlet'
2021-07-25 01:32:44.623  INFO 58645 --- [o-auto-1-exec-1] o.s.web.servlet.DispatcherServlet        : Initializing Servlet 'dispatcherServlet'
2021-07-25 01:32:44.651  INFO 58645 --- [o-auto-1-exec-1] o.s.web.servlet.DispatcherServlet        : Completed initialization in 28 ms
Hibernate: select posts0_.id as id1_0_, posts0_.created_date as created_2_0_, posts0_.modified_date as modified3_0_, posts0_.author as author4_0_, posts0_.content as content5_0_, posts0_.title as title6_0_ from posts posts0_ order by posts0_.id DESC
]]></system-out>
  <system-err><![CDATA[]]></system-err>
</testsuite>
