<?xml version="1.0" encoding="UTF-8"?>
<testsuite name="board.domain.web.IndexControllerTest" tests="1" skipped="0" failures="0" errors="0" timestamp="2021-07-24T16:25:13" hostname="isiheon-ui-MacBookAir.local" time="0.319">
  <properties/>
  <testcase name="메인페이지_로딩" classname="board.domain.web.IndexControllerTest" time="0.319"/>
  <system-out><![CDATA[2021-07-25 01:25:11.289  INFO 58545 --- [    Test worker] .b.t.c.SpringBootTestContextBootstrapper : Neither @ContextConfiguration nor @ContextHierarchy found for test class [board.domain.web.IndexControllerTest], using SpringBootContextLoader
2021-07-25 01:25:11.294  INFO 58545 --- [    Test worker] o.s.t.c.support.AbstractContextLoader    : Could not detect default resource locations for test class [board.domain.web.IndexControllerTest]: no resource found for suffixes {-context.xml, Context.groovy}.
2021-07-25 01:25:11.295  INFO 58545 --- [    Test worker] t.c.s.AnnotationConfigContextLoaderUtils : Could not detect default configuration classes for test class [board.domain.web.IndexControllerTest]: IndexControllerTest does not declare any static, non-private, non-final, nested classes annotated with @Configuration.
2021-07-25 01:25:11.336  INFO 58545 --- [    Test worker] .b.t.c.SpringBootTestContextBootstrapper : Found @SpringBootConfiguration board.Application for test class board.domain.web.IndexControllerTest
2021-07-25 01:25:11.342  INFO 58545 --- [    Test worker] .b.t.c.SpringBootTestContextBootstrapper : Loaded default TestExecutionListener class names from location [META-INF/spring.factories]: [org.springframework.security.test.context.support.WithSecurityContextTestExecutionListener, org.springframework.security.test.context.support.ReactorContextTestExecutionListener, org.springframework.boot.test.autoconfigure.restdocs.RestDocsTestExecutionListener, org.springframework.boot.test.autoconfigure.web.client.MockRestServiceServerResetTestExecutionListener, org.springframework.boot.test.autoconfigure.web.servlet.MockMvcPrintOnlyOnFailureTestExecutionListener, org.springframework.boot.test.autoconfigure.web.servlet.WebDriverTestExecutionListener, org.springframework.boot.test.mock.mockito.MockitoTestExecutionListener, org.springframework.boot.test.mock.mockito.ResetMocksTestExecutionListener, org.springframework.test.context.web.ServletTestExecutionListener, org.springframework.test.context.support.DirtiesContextBeforeModesTestExecutionListener, org.springframework.test.context.support.DependencyInjectionTestExecutionListener, org.springframework.test.context.support.DirtiesContextTestExecutionListener, org.springframework.test.context.transaction.TransactionalTestExecutionListener, org.springframework.test.context.jdbc.SqlScriptsTestExecutionListener]
2021-07-25 01:25:11.343  INFO 58545 --- [    Test worker] .b.t.c.SpringBootTestContextBootstrapper : Using TestExecutionListeners: [org.springframework.test.context.web.ServletTestExecutionListener@27b2dea, org.springframework.test.context.support.DirtiesContextBeforeModesTestExecutionListener@b2946c4, org.springframework.boot.test.mock.mockito.MockitoTestExecutionListener@6a982fa4, org.springframework.boot.test.autoconfigure.SpringBootDependencyInjectionTestExecutionListener@5601fb46, org.springframework.test.context.support.DirtiesContextTestExecutionListener@dce8811, org.springframework.test.context.transaction.TransactionalTestExecutionListener@4c10f00a, org.springframework.test.context.jdbc.SqlScriptsTestExecutionListener@67de0323, org.springframework.security.test.context.support.WithSecurityContextTestExecutionListener@3edc0f55, org.springframework.security.test.context.support.ReactorContextTestExecutionListener@472b869f, org.springframework.boot.test.autoconfigure.restdocs.RestDocsTestExecutionListener@cf0bed0, org.springframework.boot.test.autoconfigure.web.client.MockRestServiceServerResetTestExecutionListener@1b206376, org.springframework.boot.test.autoconfigure.web.servlet.MockMvcPrintOnlyOnFailureTestExecutionListener@455861e0, org.springframework.boot.test.autoconfigure.web.servlet.WebDriverTestExecutionListener@5e5c18aa, org.springframework.boot.test.mock.mockito.ResetMocksTestExecutionListener@57d33b8f]

  .   ____          _            __ _ _
 /\\ / ___'_ __ _ _(_)_ __  __ _ \ \ \ \
( ( )\___ | '_ | '_| | '_ \/ _` | \ \ \ \
 \\/  ___)| |_)| | | | | || (_| |  ) ) ) )
  '  |____| .__|_| |_|_| |_\__, | / / / /
 =========|_|==============|___/=/_/_/_/
 :: Spring Boot ::        (v2.1.7.RELEASE)

2021-07-25 01:25:11.417  INFO 58545 --- [    Test worker] board.domain.web.IndexControllerTest     : Starting IndexControllerTest on isiheon-ui-MacBookAir.local with PID 58545 (started by isiheon in /Users/isiheon/MyWork/SpringBoot_Study)
2021-07-25 01:25:11.420  INFO 58545 --- [    Test worker] board.domain.web.IndexControllerTest     : No active profile set, falling back to default profiles: default
2021-07-25 01:25:11.803  INFO 58545 --- [    Test worker] .s.d.r.c.RepositoryConfigurationDelegate : Bootstrapping Spring Data repositories in DEFAULT mode.
2021-07-25 01:25:11.835  INFO 58545 --- [    Test worker] .s.d.r.c.RepositoryConfigurationDelegate : Finished Spring Data repository scanning in 31ms. Found 2 repository interfaces.
2021-07-25 01:25:12.006  INFO 58545 --- [    Test worker] trationDelegate$BeanPostProcessorChecker : Bean 'org.springframework.transaction.annotation.ProxyTransactionManagementConfiguration' of type [org.springframework.transaction.annotation.ProxyTransactionManagementConfiguration$$EnhancerBySpringCGLIB$$d0a356b3] is not eligible for getting processed by all BeanPostProcessors (for example: not eligible for auto-proxying)
2021-07-25 01:25:12.298  INFO 58545 --- [    Test worker] o.s.b.w.embedded.tomcat.TomcatWebServer  : Tomcat initialized with port(s): 0 (http)
2021-07-25 01:25:12.350  INFO 58545 --- [    Test worker] o.apache.catalina.core.StandardService   : Starting service [Tomcat]
2021-07-25 01:25:12.350  INFO 58545 --- [    Test worker] org.apache.catalina.core.StandardEngine  : Starting Servlet engine: [Apache Tomcat/9.0.22]
2021-07-25 01:25:12.527  INFO 58545 --- [    Test worker] o.a.c.c.C.[Tomcat].[localhost].[/]       : Initializing Spring embedded WebApplicationContext
2021-07-25 01:25:12.527  INFO 58545 --- [    Test worker] o.s.web.context.ContextLoader            : Root WebApplicationContext: initialization completed in 1102 ms
2021-07-25 01:25:12.698  INFO 58545 --- [    Test worker] com.zaxxer.hikari.HikariDataSource       : HikariPool-2 - Starting...
2021-07-25 01:25:12.704  INFO 58545 --- [    Test worker] com.zaxxer.hikari.HikariDataSource       : HikariPool-2 - Start completed.
2021-07-25 01:25:12.725  INFO 58545 --- [    Test worker] o.hibernate.jpa.internal.util.LogHelper  : HHH000204: Processing PersistenceUnitInfo [
	name: default
	...]
2021-07-25 01:25:12.733  INFO 58545 --- [    Test worker] org.hibernate.dialect.Dialect            : HHH000400: Using dialect: org.hibernate.dialect.MySQL5InnoDBDialect
Hibernate: drop table if exists posts
Hibernate: drop table if exists user
Hibernate: create table posts (id bigint not null auto_increment, created_date datetime, modified_date datetime, author varchar(255), content TEXT not null, title varchar(500) not null, primary key (id)) engine=InnoDB
Hibernate: create table user (id bigint not null auto_increment, created_date datetime, modified_date datetime, email varchar(255) not null, name varchar(255) not null, picture varchar(255), role varchar(255) not null, primary key (id)) engine=InnoDB
2021-07-25 01:25:12.803  INFO 58545 --- [    Test worker] o.h.t.schema.internal.SchemaCreatorImpl  : HHH000476: Executing import script 'org.hibernate.tool.schema.internal.exec.ScriptSourceInputNonExistentImpl@78156dbc'
2021-07-25 01:25:12.803  INFO 58545 --- [    Test worker] j.LocalContainerEntityManagerFactoryBean : Initialized JPA EntityManagerFactory for persistence unit 'default'
2021-07-25 01:25:12.996  INFO 58545 --- [    Test worker] o.h.h.i.QueryTranslatorFactoryInitiator  : HHH000397: Using ASTQueryTranslatorFactory
2021-07-25 01:25:13.130  INFO 58545 --- [    Test worker] o.s.s.web.DefaultSecurityFilterChain     : Creating filter chain: any request, [org.springframework.security.web.context.request.async.WebAsyncManagerIntegrationFilter@85607c4, org.springframework.security.web.context.SecurityContextPersistenceFilter@6b23866b, org.springframework.security.web.header.HeaderWriterFilter@7750e9fc, org.springframework.security.web.authentication.logout.LogoutFilter@5cd6e8e9, org.springframework.security.oauth2.client.web.OAuth2AuthorizationRequestRedirectFilter@4ff981c3, org.springframework.security.oauth2.client.web.OAuth2LoginAuthenticationFilter@5b1c5ea6, org.springframework.security.web.authentication.ui.DefaultLoginPageGeneratingFilter@2b31333a, org.springframework.security.web.authentication.ui.DefaultLogoutPageGeneratingFilter@368fe7cb, org.springframework.security.web.savedrequest.RequestCacheAwareFilter@1623d50, org.springframework.security.web.servletapi.SecurityContextHolderAwareRequestFilter@710d3b89, org.springframework.security.web.authentication.AnonymousAuthenticationFilter@35fb8f40, org.springframework.security.web.session.SessionManagementFilter@516160e2, org.springframework.security.web.access.ExceptionTranslationFilter@42c51dd2, org.springframework.security.web.access.intercept.FilterSecurityInterceptor@26130e93]
2021-07-25 01:25:13.310  INFO 58545 --- [    Test worker] o.s.s.concurrent.ThreadPoolTaskExecutor  : Initializing ExecutorService 'applicationTaskExecutor'
2021-07-25 01:25:13.321  WARN 58545 --- [    Test worker] aWebConfiguration$JpaWebMvcConfiguration : spring.jpa.open-in-view is enabled by default. Therefore, database queries may be performed during view rendering. Explicitly configure spring.jpa.open-in-view to disable this warning
2021-07-25 01:25:13.349  INFO 58545 --- [    Test worker] o.s.b.a.w.s.WelcomePageHandlerMapping    : Adding welcome page template: index
2021-07-25 01:25:13.573  INFO 58545 --- [    Test worker] o.s.b.w.embedded.tomcat.TomcatWebServer  : Tomcat started on port(s): 51678 (http) with context path ''
2021-07-25 01:25:13.577  INFO 58545 --- [    Test worker] board.domain.web.IndexControllerTest     : Started IndexControllerTest in 2.225 seconds (JVM running for 11.537)
2021-07-25 01:25:13.687  INFO 58545 --- [o-auto-1-exec-1] o.a.c.c.C.[Tomcat].[localhost].[/]       : Initializing Spring DispatcherServlet 'dispatcherServlet'
2021-07-25 01:25:13.688  INFO 58545 --- [o-auto-1-exec-1] o.s.web.servlet.DispatcherServlet        : Initializing Servlet 'dispatcherServlet'
2021-07-25 01:25:13.733  INFO 58545 --- [o-auto-1-exec-1] o.s.web.servlet.DispatcherServlet        : Completed initialization in 44 ms
Hibernate: select posts0_.id as id1_0_, posts0_.created_date as created_2_0_, posts0_.modified_date as modified3_0_, posts0_.author as author4_0_, posts0_.content as content5_0_, posts0_.title as title6_0_ from posts posts0_ order by posts0_.id DESC
]]></system-out>
  <system-err><![CDATA[]]></system-err>
</testsuite>
