<?xml version="1.0" encoding="UTF-8"?>
<testsuite name="board.domain.web.IndexControllerTest" tests="1" skipped="0" failures="0" errors="0" timestamp="2021-05-06T02:17:57" hostname="WM-F02F7484FF20" time="0.175">
  <properties/>
  <testcase name="메인페이지_로딩" classname="board.domain.web.IndexControllerTest" time="0.175"/>
  <system-out><![CDATA[2021-05-06 11:17:57.850  INFO 16336 --- [    Test worker] .b.t.c.SpringBootTestContextBootstrapper : Neither @ContextConfiguration nor @ContextHierarchy found for test class [board.domain.web.IndexControllerTest], using SpringBootContextLoader
2021-05-06 11:17:57.852  INFO 16336 --- [    Test worker] o.s.t.c.support.AbstractContextLoader    : Could not detect default resource locations for test class [board.domain.web.IndexControllerTest]: no resource found for suffixes {-context.xml, Context.groovy}.
2021-05-06 11:17:57.852  INFO 16336 --- [    Test worker] t.c.s.AnnotationConfigContextLoaderUtils : Could not detect default configuration classes for test class [board.domain.web.IndexControllerTest]: IndexControllerTest does not declare any static, non-private, non-final, nested classes annotated with @Configuration.
2021-05-06 11:17:57.854  INFO 16336 --- [    Test worker] .b.t.c.SpringBootTestContextBootstrapper : Found @SpringBootConfiguration board.Application for test class board.domain.web.IndexControllerTest
2021-05-06 11:17:57.857  INFO 16336 --- [    Test worker] .b.t.c.SpringBootTestContextBootstrapper : Loaded default TestExecutionListener class names from location [META-INF/spring.factories]: [org.springframework.security.test.context.support.WithSecurityContextTestExecutionListener, org.springframework.security.test.context.support.ReactorContextTestExecutionListener, org.springframework.boot.test.autoconfigure.restdocs.RestDocsTestExecutionListener, org.springframework.boot.test.autoconfigure.web.client.MockRestServiceServerResetTestExecutionListener, org.springframework.boot.test.autoconfigure.web.servlet.MockMvcPrintOnlyOnFailureTestExecutionListener, org.springframework.boot.test.autoconfigure.web.servlet.WebDriverTestExecutionListener, org.springframework.boot.test.mock.mockito.MockitoTestExecutionListener, org.springframework.boot.test.mock.mockito.ResetMocksTestExecutionListener, org.springframework.test.context.web.ServletTestExecutionListener, org.springframework.test.context.support.DirtiesContextBeforeModesTestExecutionListener, org.springframework.test.context.support.DependencyInjectionTestExecutionListener, org.springframework.test.context.support.DirtiesContextTestExecutionListener, org.springframework.test.context.transaction.TransactionalTestExecutionListener, org.springframework.test.context.jdbc.SqlScriptsTestExecutionListener]
2021-05-06 11:17:57.858  INFO 16336 --- [    Test worker] .b.t.c.SpringBootTestContextBootstrapper : Using TestExecutionListeners: [org.springframework.test.context.web.ServletTestExecutionListener@6f9b2943, org.springframework.test.context.support.DirtiesContextBeforeModesTestExecutionListener@2964e8fa, org.springframework.boot.test.mock.mockito.MockitoTestExecutionListener@62df3752, org.springframework.boot.test.autoconfigure.SpringBootDependencyInjectionTestExecutionListener@7a11bbe5, org.springframework.test.context.support.DirtiesContextTestExecutionListener@4cf644d5, org.springframework.test.context.transaction.TransactionalTestExecutionListener@42db4689, org.springframework.test.context.jdbc.SqlScriptsTestExecutionListener@59259c27, org.springframework.security.test.context.support.WithSecurityContextTestExecutionListener@2e9cca75, org.springframework.security.test.context.support.ReactorContextTestExecutionListener@5032f39f, org.springframework.boot.test.autoconfigure.restdocs.RestDocsTestExecutionListener@48c5181e, org.springframework.boot.test.autoconfigure.web.client.MockRestServiceServerResetTestExecutionListener@3d747185, org.springframework.boot.test.autoconfigure.web.servlet.MockMvcPrintOnlyOnFailureTestExecutionListener@7573db3c, org.springframework.boot.test.autoconfigure.web.servlet.WebDriverTestExecutionListener@321a6006, org.springframework.boot.test.mock.mockito.ResetMocksTestExecutionListener@527f8bb3]
2021-05-06 11:17:57.956  INFO 16336 --- [o-auto-1-exec-1] o.a.c.c.C.[Tomcat].[localhost].[/]       : Initializing Spring DispatcherServlet 'dispatcherServlet'
2021-05-06 11:17:57.956  INFO 16336 --- [o-auto-1-exec-1] o.s.web.servlet.DispatcherServlet        : Initializing Servlet 'dispatcherServlet'
2021-05-06 11:17:57.959  INFO 16336 --- [o-auto-1-exec-1] o.s.web.servlet.DispatcherServlet        : Completed initialization in 3 ms
Hibernate: select posts0_.id as id1_0_, posts0_.created_date as created_2_0_, posts0_.modified_date as modified3_0_, posts0_.author as author4_0_, posts0_.content as content5_0_, posts0_.title as title6_0_ from posts posts0_ order by posts0_.id DESC
]]></system-out>
  <system-err><![CDATA[]]></system-err>
</testsuite>
